This file contains any messages produced by compilers while
running configure, to aid debugging if configure makes a mistake.

It was created by cramershoup configure 6b48946-dirty, which was
generated by GNU Autoconf 2.69.  Invocation command line was

  $ ./configure 

## --------- ##
## Platform. ##
## --------- ##

hostname = fan-desktop
uname -m = x86_64
uname -r = 4.4.0-53-generic
uname -s = Linux
uname -v = #74-Ubuntu SMP Fri Dec 2 15:59:10 UTC 2016

/usr/bin/uname -p = unknown
/bin/uname -X     = unknown

/bin/arch              = unknown
/usr/bin/arch -k       = unknown
/usr/convex/getsysinfo = unknown
/usr/bin/hostinfo      = unknown
/bin/machine           = unknown
/usr/bin/oslevel       = unknown
/bin/universe          = unknown

PATH: /home/fan/.rvm/gems/ruby-2.3.3/bin
PATH: /home/fan/.rvm/gems/ruby-2.3.3@global/bin
PATH: /home/fan/.rvm/rubies/ruby-2.3.3/bin
PATH: /home/fan/torch/install/bin
PATH: /usr/local/sbin
PATH: /usr/local/bin
PATH: /usr/sbin
PATH: /usr/bin
PATH: /sbin
PATH: /bin
PATH: /usr/games
PATH: /usr/local/games
PATH: /snap/bin
PATH: /usr/lib/jvm/java-8-oracle/bin
PATH: /usr/lib/jvm/java-8-oracle/db/bin
PATH: /usr/lib/jvm/java-8-oracle/jre/bin
PATH: /usr/bin
PATH: /bin
PATH: /usr/sbin
PATH: /sbin
PATH: /usr/local/bin
PATH: /home/fan/bin
PATH: /Users/twer/.local/bin
PATH: /usr/local/sbin
PATH: /home/fan/go//bin
PATH: /home/fan/.rvm/bin
PATH: /Applications/Postgres.app/Contents/Versions/9.4/bin
PATH: /usr/local/heroku/bin
PATH: /home/fan/dev/adt-bundle/sdk/platform-tools
PATH: /home/fan/dev/adt-bundle/sdk/tools
PATH: /usr/local/opt/ccache/libexec
PATH: /usr/local/opt/llvm/bin
PATH: /Users/twer/miniconda2/bin


## ----------- ##
## Core tests. ##
## ----------- ##

configure:2330: checking for a BSD-compatible install
configure:2398: result: /usr/bin/install -c
configure:2409: checking whether build environment is sane
configure:2464: result: yes
configure:2615: checking for a thread-safe mkdir -p
configure:2654: result: /bin/mkdir -p
configure:2661: checking for gawk
configure:2677: found /usr/bin/gawk
configure:2688: result: gawk
configure:2699: checking whether make sets $(MAKE)
configure:2721: result: yes
configure:2750: checking whether make supports nested variables
configure:2767: result: yes
configure:2856: checking whether UID '1000' is supported by ustar format
configure:2859: result: yes
configure:2866: checking whether GID '1000' is supported by ustar format
configure:2869: result: yes
configure:2877: checking how to create a ustar tar archive
configure:2888: tar --version
tar (GNU tar) 1.28
Copyright (C) 2014 Free Software Foundation, Inc.
License GPLv3+: GNU GPL version 3 or later <http://gnu.org/licenses/gpl.html>.
This is free software: you are free to change and redistribute it.
There is NO WARRANTY, to the extent permitted by law.

Written by John Gilmore and Jay Fenlason.
configure:2891: $? = 0
configure:2931: tardir=conftest.dir && eval tar --format=ustar -chf - "$tardir" >conftest.tar
configure:2934: $? = 0
configure:2938: tar -xf - <conftest.tar
configure:2941: $? = 0
configure:2943: cat conftest.dir/file
GrepMe
configure:2946: $? = 0
configure:2959: result: gnutar
configure:3010: checking whether to enable maintainer-specific portions of Makefiles
configure:3019: result: no
configure:3043: checking whether make supports nested variables
configure:3060: result: yes
configure:3084: checking for style of include used by make
configure:3112: result: GNU
configure:3183: checking for gcc
configure:3199: found /usr/bin/gcc
configure:3210: result: gcc
configure:3439: checking for C compiler version
configure:3448: gcc --version >&5
gcc (Ubuntu 5.4.0-6ubuntu1~16.04.4) 5.4.0 20160609
Copyright (C) 2015 Free Software Foundation, Inc.
This is free software; see the source for copying conditions.  There is NO
warranty; not even for MERCHANTABILITY or FITNESS FOR A PARTICULAR PURPOSE.

configure:3459: $? = 0
configure:3448: gcc -v >&5
Using built-in specs.
COLLECT_GCC=gcc
COLLECT_LTO_WRAPPER=/usr/lib/gcc/x86_64-linux-gnu/5/lto-wrapper
Target: x86_64-linux-gnu
Configured with: ../src/configure -v --with-pkgversion='Ubuntu 5.4.0-6ubuntu1~16.04.4' --with-bugurl=file:///usr/share/doc/gcc-5/README.Bugs --enable-languages=c,ada,c++,java,go,d,fortran,objc,obj-c++ --prefix=/usr --program-suffix=-5 --enable-shared --enable-linker-build-id --libexecdir=/usr/lib --without-included-gettext --enable-threads=posix --libdir=/usr/lib --enable-nls --with-sysroot=/ --enable-clocale=gnu --enable-libstdcxx-debug --enable-libstdcxx-time=yes --with-default-libstdcxx-abi=new --enable-gnu-unique-object --disable-vtable-verify --enable-libmpx --enable-plugin --with-system-zlib --disable-browser-plugin --enable-java-awt=gtk --enable-gtk-cairo --with-java-home=/usr/lib/jvm/java-1.5.0-gcj-5-amd64/jre --enable-java-home --with-jvm-root-dir=/usr/lib/jvm/java-1.5.0-gcj-5-amd64 --with-jvm-jar-dir=/usr/lib/jvm-exports/java-1.5.0-gcj-5-amd64 --with-arch-directory=amd64 --with-ecj-jar=/usr/share/java/eclipse-ecj.jar --enable-objc-gc --enable-multiarch --disable-werror --with-arch-32=i686 --with-abi=m64 --with-multilib-list=m32,m64,mx32 --enable-multilib --with-tune=generic --enable-checking=release --build=x86_64-linux-gnu --host=x86_64-linux-gnu --target=x86_64-linux-gnu
Thread model: posix
gcc version 5.4.0 20160609 (Ubuntu 5.4.0-6ubuntu1~16.04.4) 
configure:3459: $? = 0
configure:3448: gcc -V >&5
gcc: error: unrecognized command line option '-V'
gcc: fatal error: no input files
compilation terminated.
configure:3459: $? = 1
configure:3448: gcc -qversion >&5
gcc: error: unrecognized command line option '-qversion'
gcc: fatal error: no input files
compilation terminated.
configure:3459: $? = 1
configure:3479: checking whether the C compiler works
configure:3501: gcc  -I/usr/local/opt/openssl/include -I/usr/local/opt/libiconv/include -I/usr/local/opt/libpcap/include -L/usr/local/opt/openssl/lib -L/usr/local/opt/libiconv/lib -L/usr/local/opt/libpcap/lib conftest.c  >&5
configure:3505: $? = 0
configure:3553: result: yes
configure:3556: checking for C compiler default output file name
configure:3558: result: a.out
configure:3564: checking for suffix of executables
configure:3571: gcc -o conftest  -I/usr/local/opt/openssl/include -I/usr/local/opt/libiconv/include -I/usr/local/opt/libpcap/include -L/usr/local/opt/openssl/lib -L/usr/local/opt/libiconv/lib -L/usr/local/opt/libpcap/lib conftest.c  >&5
configure:3575: $? = 0
configure:3597: result: 
configure:3619: checking whether we are cross compiling
configure:3627: gcc -o conftest  -I/usr/local/opt/openssl/include -I/usr/local/opt/libiconv/include -I/usr/local/opt/libpcap/include -L/usr/local/opt/openssl/lib -L/usr/local/opt/libiconv/lib -L/usr/local/opt/libpcap/lib conftest.c  >&5
configure:3631: $? = 0
configure:3638: ./conftest
configure:3642: $? = 0
configure:3657: result: no
configure:3662: checking for suffix of object files
configure:3684: gcc -c  -I/usr/local/opt/openssl/include -I/usr/local/opt/libiconv/include -I/usr/local/opt/libpcap/include conftest.c >&5
configure:3688: $? = 0
configure:3709: result: o
configure:3713: checking whether we are using the GNU C compiler
configure:3732: gcc -c  -I/usr/local/opt/openssl/include -I/usr/local/opt/libiconv/include -I/usr/local/opt/libpcap/include conftest.c >&5
configure:3732: $? = 0
configure:3741: result: yes
configure:3750: checking whether gcc accepts -g
configure:3770: gcc -c -g -I/usr/local/opt/openssl/include -I/usr/local/opt/libiconv/include -I/usr/local/opt/libpcap/include conftest.c >&5
configure:3770: $? = 0
configure:3811: result: yes
configure:3828: checking for gcc option to accept ISO C89
configure:3891: gcc  -c -g -O2 -I/usr/local/opt/openssl/include -I/usr/local/opt/libiconv/include -I/usr/local/opt/libpcap/include conftest.c >&5
configure:3891: $? = 0
configure:3904: result: none needed
configure:3929: checking whether gcc understands -c and -o together
configure:3951: gcc -c conftest.c -o conftest2.o
configure:3954: $? = 0
configure:3951: gcc -c conftest.c -o conftest2.o
configure:3954: $? = 0
configure:3966: result: yes
configure:3985: checking dependency style of gcc
configure:4096: result: gcc3
configure:4161: checking for ar
configure:4177: found /usr/bin/ar
configure:4188: result: ar
configure:4214: checking the archiver (ar) interface
configure:4230: gcc -c -g -O2 -I/usr/local/opt/openssl/include -I/usr/local/opt/libiconv/include -I/usr/local/opt/libpcap/include conftest.c >&5
configure:4230: $? = 0
configure:4232: ar cru libconftest.a conftest.o >&5
ar: `u' modifier ignored since `D' is the default (see `U')
configure:4235: $? = 0
configure:4263: result: ar
configure:4314: checking build system type
configure:4328: result: x86_64-pc-linux-gnu
configure:4348: checking host system type
configure:4361: result: x86_64-pc-linux-gnu
configure:4402: checking how to print strings
configure:4429: result: printf
configure:4450: checking for a sed that does not truncate output
configure:4514: result: /bin/sed
configure:4532: checking for grep that handles long lines and -e
configure:4590: result: /bin/grep
configure:4595: checking for egrep
configure:4657: result: /bin/grep -E
configure:4662: checking for fgrep
configure:4724: result: /bin/grep -F
configure:4759: checking for ld used by gcc
configure:4826: result: /usr/bin/ld
configure:4833: checking if the linker (/usr/bin/ld) is GNU ld
configure:4848: result: yes
configure:4860: checking for BSD- or MS-compatible name lister (nm)
configure:4914: result: /usr/bin/nm -B
configure:5044: checking the name lister (/usr/bin/nm -B) interface
configure:5051: gcc -c -g -O2 -I/usr/local/opt/openssl/include -I/usr/local/opt/libiconv/include -I/usr/local/opt/libpcap/include conftest.c >&5
configure:5054: /usr/bin/nm -B "conftest.o"
configure:5057: output
0000000000000000 B some_variable
configure:5064: result: BSD nm
configure:5067: checking whether ln -s works
configure:5071: result: yes
configure:5079: checking the maximum length of command line arguments
configure:5210: result: 1572864
configure:5258: checking how to convert x86_64-pc-linux-gnu file names to x86_64-pc-linux-gnu format
configure:5298: result: func_convert_file_noop
configure:5305: checking how to convert x86_64-pc-linux-gnu file names to toolchain format
configure:5325: result: func_convert_file_noop
configure:5332: checking for /usr/bin/ld option to reload object files
configure:5339: result: -r
configure:5413: checking for objdump
configure:5429: found /usr/bin/objdump
configure:5440: result: objdump
configure:5472: checking how to recognize dependent libraries
configure:5672: result: pass_all
configure:5757: checking for dlltool
configure:5787: result: no
configure:5817: checking how to associate runtime and link libraries
configure:5844: result: printf %s\n
configure:5968: checking for archiver @FILE support
configure:5985: gcc -c -g -O2 -I/usr/local/opt/openssl/include -I/usr/local/opt/libiconv/include -I/usr/local/opt/libpcap/include conftest.c >&5
configure:5985: $? = 0
configure:5988: ar cru libconftest.a @conftest.lst >&5
ar: `u' modifier ignored since `D' is the default (see `U')
configure:5991: $? = 0
configure:5996: ar cru libconftest.a @conftest.lst >&5
ar: `u' modifier ignored since `D' is the default (see `U')
ar: conftest.o: No such file or directory
configure:5999: $? = 1
configure:6011: result: @
configure:6069: checking for strip
configure:6085: found /usr/bin/strip
configure:6096: result: strip
configure:6168: checking for ranlib
configure:6184: found /usr/bin/ranlib
configure:6195: result: ranlib
configure:6297: checking command to parse /usr/bin/nm -B output from gcc object
configure:6450: gcc -c -g -O2 -I/usr/local/opt/openssl/include -I/usr/local/opt/libiconv/include -I/usr/local/opt/libpcap/include conftest.c >&5
configure:6453: $? = 0
configure:6457: /usr/bin/nm -B conftest.o \| sed -n -e 's/^.*[ ]\([ABCDGIRSTW][ABCDGIRSTW]*\)[ ][ ]*\([_A-Za-z][_A-Za-z0-9]*\)$/\1 \2 \2/p' | sed '/ __gnu_lto/d' \> conftest.nm
configure:6460: $? = 0
configure:6526: gcc -o conftest -g -O2 -I/usr/local/opt/openssl/include -I/usr/local/opt/libiconv/include -I/usr/local/opt/libpcap/include -L/usr/local/opt/openssl/lib -L/usr/local/opt/libiconv/lib -L/usr/local/opt/libpcap/lib conftest.c conftstm.o >&5
configure:6529: $? = 0
configure:6567: result: ok
configure:6614: checking for sysroot
configure:6644: result: no
configure:6651: checking for a working dd
configure:6689: result: /bin/dd
configure:6693: checking how to truncate binary pipes
configure:6708: result: /bin/dd bs=4096 count=1
configure:6844: gcc -c -g -O2 -I/usr/local/opt/openssl/include -I/usr/local/opt/libiconv/include -I/usr/local/opt/libpcap/include conftest.c >&5
configure:6847: $? = 0
configure:7037: checking for mt
configure:7053: found /bin/mt
configure:7064: result: mt
configure:7087: checking if mt is a manifest tool
configure:7093: mt '-?'
configure:7101: result: no
configure:7778: checking how to run the C preprocessor
configure:7809: gcc -E -I/usr/local/opt/openssl/include -I/usr/local/opt/libiconv/include -I/usr/local/opt/libpcap/include conftest.c
configure:7809: $? = 0
configure:7823: gcc -E -I/usr/local/opt/openssl/include -I/usr/local/opt/libiconv/include -I/usr/local/opt/libpcap/include conftest.c
conftest.c:11:28: fatal error: ac_nonexistent.h: No such file or directory
compilation terminated.
configure:7823: $? = 1
configure: failed program was:
| /* confdefs.h */
| #define PACKAGE_NAME "cramershoup"
| #define PACKAGE_TARNAME "cramershoup"
| #define PACKAGE_VERSION "6b48946-dirty"
| #define PACKAGE_STRING "cramershoup 6b48946-dirty"
| #define PACKAGE_BUGREPORT "fan.torchz@gmail.com"
| #define PACKAGE_URL ""
| #define PACKAGE "cramershoup"
| #define VERSION "6b48946-dirty"
| /* end confdefs.h.  */
| #include <ac_nonexistent.h>
configure:7848: result: gcc -E
configure:7868: gcc -E -I/usr/local/opt/openssl/include -I/usr/local/opt/libiconv/include -I/usr/local/opt/libpcap/include conftest.c
configure:7868: $? = 0
configure:7882: gcc -E -I/usr/local/opt/openssl/include -I/usr/local/opt/libiconv/include -I/usr/local/opt/libpcap/include conftest.c
conftest.c:11:28: fatal error: ac_nonexistent.h: No such file or directory
compilation terminated.
configure:7882: $? = 1
configure: failed program was:
| /* confdefs.h */
| #define PACKAGE_NAME "cramershoup"
| #define PACKAGE_TARNAME "cramershoup"
| #define PACKAGE_VERSION "6b48946-dirty"
| #define PACKAGE_STRING "cramershoup 6b48946-dirty"
| #define PACKAGE_BUGREPORT "fan.torchz@gmail.com"
| #define PACKAGE_URL ""
| #define PACKAGE "cramershoup"
| #define VERSION "6b48946-dirty"
| /* end confdefs.h.  */
| #include <ac_nonexistent.h>
configure:7911: checking for ANSI C header files
configure:7931: gcc -c -g -O2 -I/usr/local/opt/openssl/include -I/usr/local/opt/libiconv/include -I/usr/local/opt/libpcap/include conftest.c >&5
configure:7931: $? = 0
configure:8004: gcc -o conftest -g -O2 -I/usr/local/opt/openssl/include -I/usr/local/opt/libiconv/include -I/usr/local/opt/libpcap/include -L/usr/local/opt/openssl/lib -L/usr/local/opt/libiconv/lib -L/usr/local/opt/libpcap/lib conftest.c  >&5
configure:8004: $? = 0
configure:8004: ./conftest
configure:8004: $? = 0
configure:8015: result: yes
configure:8028: checking for sys/types.h
configure:8028: gcc -c -g -O2 -I/usr/local/opt/openssl/include -I/usr/local/opt/libiconv/include -I/usr/local/opt/libpcap/include conftest.c >&5
configure:8028: $? = 0
configure:8028: result: yes
configure:8028: checking for sys/stat.h
configure:8028: gcc -c -g -O2 -I/usr/local/opt/openssl/include -I/usr/local/opt/libiconv/include -I/usr/local/opt/libpcap/include conftest.c >&5
configure:8028: $? = 0
configure:8028: result: yes
configure:8028: checking for stdlib.h
configure:8028: gcc -c -g -O2 -I/usr/local/opt/openssl/include -I/usr/local/opt/libiconv/include -I/usr/local/opt/libpcap/include conftest.c >&5
configure:8028: $? = 0
configure:8028: result: yes
configure:8028: checking for string.h
configure:8028: gcc -c -g -O2 -I/usr/local/opt/openssl/include -I/usr/local/opt/libiconv/include -I/usr/local/opt/libpcap/include conftest.c >&5
configure:8028: $? = 0
configure:8028: result: yes
configure:8028: checking for memory.h
configure:8028: gcc -c -g -O2 -I/usr/local/opt/openssl/include -I/usr/local/opt/libiconv/include -I/usr/local/opt/libpcap/include conftest.c >&5
configure:8028: $? = 0
configure:8028: result: yes
configure:8028: checking for strings.h
configure:8028: gcc -c -g -O2 -I/usr/local/opt/openssl/include -I/usr/local/opt/libiconv/include -I/usr/local/opt/libpcap/include conftest.c >&5
configure:8028: $? = 0
configure:8028: result: yes
configure:8028: checking for inttypes.h
configure:8028: gcc -c -g -O2 -I/usr/local/opt/openssl/include -I/usr/local/opt/libiconv/include -I/usr/local/opt/libpcap/include conftest.c >&5
configure:8028: $? = 0
configure:8028: result: yes
configure:8028: checking for stdint.h
configure:8028: gcc -c -g -O2 -I/usr/local/opt/openssl/include -I/usr/local/opt/libiconv/include -I/usr/local/opt/libpcap/include conftest.c >&5
configure:8028: $? = 0
configure:8028: result: yes
configure:8028: checking for unistd.h
configure:8028: gcc -c -g -O2 -I/usr/local/opt/openssl/include -I/usr/local/opt/libiconv/include -I/usr/local/opt/libpcap/include conftest.c >&5
configure:8028: $? = 0
configure:8028: result: yes
configure:8042: checking for dlfcn.h
configure:8042: gcc -c -g -O2 -I/usr/local/opt/openssl/include -I/usr/local/opt/libiconv/include -I/usr/local/opt/libpcap/include conftest.c >&5
configure:8042: $? = 0
configure:8042: result: yes
configure:8298: checking for objdir
configure:8313: result: .libs
configure:8577: checking if gcc supports -fno-rtti -fno-exceptions
configure:8595: gcc -c -g -O2 -I/usr/local/opt/openssl/include -I/usr/local/opt/libiconv/include -I/usr/local/opt/libpcap/include -fno-rtti -fno-exceptions conftest.c >&5
cc1: warning: command line option '-fno-rtti' is valid for C++/ObjC++ but not for C
configure:8599: $? = 0
configure:8612: result: no
configure:8970: checking for gcc option to produce PIC
configure:8977: result: -fPIC -DPIC
configure:8985: checking if gcc PIC flag -fPIC -DPIC works
configure:9003: gcc -c -g -O2 -I/usr/local/opt/openssl/include -I/usr/local/opt/libiconv/include -I/usr/local/opt/libpcap/include -fPIC -DPIC -DPIC conftest.c >&5
configure:9007: $? = 0
configure:9020: result: yes
configure:9049: checking if gcc static flag -static works
configure:9077: result: yes
configure:9092: checking if gcc supports -c -o file.o
configure:9113: gcc -c -g -O2 -I/usr/local/opt/openssl/include -I/usr/local/opt/libiconv/include -I/usr/local/opt/libpcap/include -o out/conftest2.o conftest.c >&5
configure:9117: $? = 0
configure:9139: result: yes
configure:9147: checking if gcc supports -c -o file.o
configure:9194: result: yes
configure:9227: checking whether the gcc linker (/usr/bin/ld -m elf_x86_64) supports shared libraries
configure:10490: result: yes
configure:10527: checking whether -lc should be explicitly linked in
configure:10535: gcc -c -g -O2 -I/usr/local/opt/openssl/include -I/usr/local/opt/libiconv/include -I/usr/local/opt/libpcap/include conftest.c >&5
configure:10538: $? = 0
configure:10553: gcc -shared  -fPIC -DPIC conftest.o  -v -Wl,-soname -Wl,conftest -o conftest 2\>\&1 \| /bin/grep  -lc  \>/dev/null 2\>\&1
configure:10556: $? = 0
configure:10570: result: no
configure:10730: checking dynamic linker characteristics
configure:11311: gcc -o conftest -g -O2 -I/usr/local/opt/openssl/include -I/usr/local/opt/libiconv/include -I/usr/local/opt/libpcap/include -L/usr/local/opt/openssl/lib -L/usr/local/opt/libiconv/lib -L/usr/local/opt/libpcap/lib -Wl,-rpath -Wl,/foo conftest.c  >&5
configure:11311: $? = 0
configure:11560: result: GNU/Linux ld.so
configure:11682: checking how to hardcode library paths into programs
configure:11707: result: immediate
configure:12255: checking whether stripping libraries is possible
configure:12260: result: yes
configure:12295: checking if libtool supports shared libraries
configure:12297: result: yes
configure:12300: checking whether to build shared libraries
configure:12325: result: yes
configure:12328: checking whether to build static libraries
configure:12332: result: yes
configure:12422: checking for gcc
configure:12449: result: gcc
configure:12678: checking for C compiler version
configure:12687: gcc --version >&5
gcc (Ubuntu 5.4.0-6ubuntu1~16.04.4) 5.4.0 20160609
Copyright (C) 2015 Free Software Foundation, Inc.
This is free software; see the source for copying conditions.  There is NO
warranty; not even for MERCHANTABILITY or FITNESS FOR A PARTICULAR PURPOSE.

configure:12698: $? = 0
configure:12687: gcc -v >&5
Using built-in specs.
COLLECT_GCC=gcc
COLLECT_LTO_WRAPPER=/usr/lib/gcc/x86_64-linux-gnu/5/lto-wrapper
Target: x86_64-linux-gnu
Configured with: ../src/configure -v --with-pkgversion='Ubuntu 5.4.0-6ubuntu1~16.04.4' --with-bugurl=file:///usr/share/doc/gcc-5/README.Bugs --enable-languages=c,ada,c++,java,go,d,fortran,objc,obj-c++ --prefix=/usr --program-suffix=-5 --enable-shared --enable-linker-build-id --libexecdir=/usr/lib --without-included-gettext --enable-threads=posix --libdir=/usr/lib --enable-nls --with-sysroot=/ --enable-clocale=gnu --enable-libstdcxx-debug --enable-libstdcxx-time=yes --with-default-libstdcxx-abi=new --enable-gnu-unique-object --disable-vtable-verify --enable-libmpx --enable-plugin --with-system-zlib --disable-browser-plugin --enable-java-awt=gtk --enable-gtk-cairo --with-java-home=/usr/lib/jvm/java-1.5.0-gcj-5-amd64/jre --enable-java-home --with-jvm-root-dir=/usr/lib/jvm/java-1.5.0-gcj-5-amd64 --with-jvm-jar-dir=/usr/lib/jvm-exports/java-1.5.0-gcj-5-amd64 --with-arch-directory=amd64 --with-ecj-jar=/usr/share/java/eclipse-ecj.jar --enable-objc-gc --enable-multiarch --disable-werror --with-arch-32=i686 --with-abi=m64 --with-multilib-list=m32,m64,mx32 --enable-multilib --with-tune=generic --enable-checking=release --build=x86_64-linux-gnu --host=x86_64-linux-gnu --target=x86_64-linux-gnu
Thread model: posix
gcc version 5.4.0 20160609 (Ubuntu 5.4.0-6ubuntu1~16.04.4) 
configure:12698: $? = 0
configure:12687: gcc -V >&5
gcc: error: unrecognized command line option '-V'
gcc: fatal error: no input files
compilation terminated.
configure:12698: $? = 1
configure:12687: gcc -qversion >&5
gcc: error: unrecognized command line option '-qversion'
gcc: fatal error: no input files
compilation terminated.
configure:12698: $? = 1
configure:12702: checking whether we are using the GNU C compiler
configure:12730: result: yes
configure:12739: checking whether gcc accepts -g
configure:12800: result: yes
configure:12817: checking for gcc option to accept ISO C89
configure:12893: result: none needed
configure:12918: checking whether gcc understands -c and -o together
configure:12955: result: yes
configure:12974: checking dependency style of gcc
configure:13085: result: gcc3
configure:13100: checking for gcc option to accept ISO C99
configure:13249: gcc  -c -g -O2 -I/usr/local/opt/openssl/include -I/usr/local/opt/libiconv/include -I/usr/local/opt/libpcap/include conftest.c >&5
configure:13249: $? = 0
configure:13262: result: none needed
configure:13335: checking for g++
configure:13351: found /usr/bin/g++
configure:13362: result: g++
configure:13389: checking for C++ compiler version
configure:13398: g++ --version >&5
g++ (Ubuntu 5.4.0-6ubuntu1~16.04.4) 5.4.0 20160609
Copyright (C) 2015 Free Software Foundation, Inc.
This is free software; see the source for copying conditions.  There is NO
warranty; not even for MERCHANTABILITY or FITNESS FOR A PARTICULAR PURPOSE.

configure:13409: $? = 0
configure:13398: g++ -v >&5
Using built-in specs.
COLLECT_GCC=g++
COLLECT_LTO_WRAPPER=/usr/lib/gcc/x86_64-linux-gnu/5/lto-wrapper
Target: x86_64-linux-gnu
Configured with: ../src/configure -v --with-pkgversion='Ubuntu 5.4.0-6ubuntu1~16.04.4' --with-bugurl=file:///usr/share/doc/gcc-5/README.Bugs --enable-languages=c,ada,c++,java,go,d,fortran,objc,obj-c++ --prefix=/usr --program-suffix=-5 --enable-shared --enable-linker-build-id --libexecdir=/usr/lib --without-included-gettext --enable-threads=posix --libdir=/usr/lib --enable-nls --with-sysroot=/ --enable-clocale=gnu --enable-libstdcxx-debug --enable-libstdcxx-time=yes --with-default-libstdcxx-abi=new --enable-gnu-unique-object --disable-vtable-verify --enable-libmpx --enable-plugin --with-system-zlib --disable-browser-plugin --enable-java-awt=gtk --enable-gtk-cairo --with-java-home=/usr/lib/jvm/java-1.5.0-gcj-5-amd64/jre --enable-java-home --with-jvm-root-dir=/usr/lib/jvm/java-1.5.0-gcj-5-amd64 --with-jvm-jar-dir=/usr/lib/jvm-exports/java-1.5.0-gcj-5-amd64 --with-arch-directory=amd64 --with-ecj-jar=/usr/share/java/eclipse-ecj.jar --enable-objc-gc --enable-multiarch --disable-werror --with-arch-32=i686 --with-abi=m64 --with-multilib-list=m32,m64,mx32 --enable-multilib --with-tune=generic --enable-checking=release --build=x86_64-linux-gnu --host=x86_64-linux-gnu --target=x86_64-linux-gnu
Thread model: posix
gcc version 5.4.0 20160609 (Ubuntu 5.4.0-6ubuntu1~16.04.4) 
configure:13409: $? = 0
configure:13398: g++ -V >&5
g++: error: unrecognized command line option '-V'
g++: fatal error: no input files
compilation terminated.
configure:13409: $? = 1
configure:13398: g++ -qversion >&5
g++: error: unrecognized command line option '-qversion'
g++: fatal error: no input files
compilation terminated.
configure:13409: $? = 1
configure:13413: checking whether we are using the GNU C++ compiler
configure:13432: g++ -c  -I/usr/local/opt/openssl/include -I/usr/local/opt/libiconv/include -I/usr/local/opt/libpcap/include conftest.cpp >&5
configure:13432: $? = 0
configure:13441: result: yes
configure:13450: checking whether g++ accepts -g
configure:13470: g++ -c -g -I/usr/local/opt/openssl/include -I/usr/local/opt/libiconv/include -I/usr/local/opt/libpcap/include conftest.cpp >&5
configure:13470: $? = 0
configure:13511: result: yes
configure:13536: checking dependency style of g++
configure:13647: result: gcc3
configure:13680: checking how to run the C++ preprocessor
configure:13707: g++ -E -I/usr/local/opt/openssl/include -I/usr/local/opt/libiconv/include -I/usr/local/opt/libpcap/include conftest.cpp
configure:13707: $? = 0
configure:13721: g++ -E -I/usr/local/opt/openssl/include -I/usr/local/opt/libiconv/include -I/usr/local/opt/libpcap/include conftest.cpp
conftest.cpp:23:28: fatal error: ac_nonexistent.h: No such file or directory
compilation terminated.
configure:13721: $? = 1
configure: failed program was:
| /* confdefs.h */
| #define PACKAGE_NAME "cramershoup"
| #define PACKAGE_TARNAME "cramershoup"
| #define PACKAGE_VERSION "6b48946-dirty"
| #define PACKAGE_STRING "cramershoup 6b48946-dirty"
| #define PACKAGE_BUGREPORT "fan.torchz@gmail.com"
| #define PACKAGE_URL ""
| #define PACKAGE "cramershoup"
| #define VERSION "6b48946-dirty"
| #define STDC_HEADERS 1
| #define HAVE_SYS_TYPES_H 1
| #define HAVE_SYS_STAT_H 1
| #define HAVE_STDLIB_H 1
| #define HAVE_STRING_H 1
| #define HAVE_MEMORY_H 1
| #define HAVE_STRINGS_H 1
| #define HAVE_INTTYPES_H 1
| #define HAVE_STDINT_H 1
| #define HAVE_UNISTD_H 1
| #define HAVE_DLFCN_H 1
| #define LT_OBJDIR ".libs/"
| /* end confdefs.h.  */
| #include <ac_nonexistent.h>
configure:13746: result: g++ -E
configure:13766: g++ -E -I/usr/local/opt/openssl/include -I/usr/local/opt/libiconv/include -I/usr/local/opt/libpcap/include conftest.cpp
configure:13766: $? = 0
configure:13780: g++ -E -I/usr/local/opt/openssl/include -I/usr/local/opt/libiconv/include -I/usr/local/opt/libpcap/include conftest.cpp
conftest.cpp:23:28: fatal error: ac_nonexistent.h: No such file or directory
compilation terminated.
configure:13780: $? = 1
configure: failed program was:
| /* confdefs.h */
| #define PACKAGE_NAME "cramershoup"
| #define PACKAGE_TARNAME "cramershoup"
| #define PACKAGE_VERSION "6b48946-dirty"
| #define PACKAGE_STRING "cramershoup 6b48946-dirty"
| #define PACKAGE_BUGREPORT "fan.torchz@gmail.com"
| #define PACKAGE_URL ""
| #define PACKAGE "cramershoup"
| #define VERSION "6b48946-dirty"
| #define STDC_HEADERS 1
| #define HAVE_SYS_TYPES_H 1
| #define HAVE_SYS_STAT_H 1
| #define HAVE_STDLIB_H 1
| #define HAVE_STRING_H 1
| #define HAVE_MEMORY_H 1
| #define HAVE_STRINGS_H 1
| #define HAVE_INTTYPES_H 1
| #define HAVE_STDINT_H 1
| #define HAVE_UNISTD_H 1
| #define HAVE_DLFCN_H 1
| #define LT_OBJDIR ".libs/"
| /* end confdefs.h.  */
| #include <ac_nonexistent.h>
configure:13942: checking for ld used by g++
configure:14009: result: /usr/bin/ld -m elf_x86_64
configure:14016: checking if the linker (/usr/bin/ld -m elf_x86_64) is GNU ld
configure:14031: result: yes
configure:14086: checking whether the g++ linker (/usr/bin/ld -m elf_x86_64) supports shared libraries
configure:15159: result: yes
configure:15195: g++ -c -g -O2 -I/usr/local/opt/openssl/include -I/usr/local/opt/libiconv/include -I/usr/local/opt/libpcap/include conftest.cpp >&5
configure:15198: $? = 0
configure:15679: checking for g++ option to produce PIC
configure:15686: result: -fPIC -DPIC
configure:15694: checking if g++ PIC flag -fPIC -DPIC works
configure:15712: g++ -c -g -O2 -I/usr/local/opt/openssl/include -I/usr/local/opt/libiconv/include -I/usr/local/opt/libpcap/include -fPIC -DPIC -DPIC conftest.cpp >&5
configure:15716: $? = 0
configure:15729: result: yes
configure:15752: checking if g++ static flag -static works
configure:15780: result: yes
configure:15792: checking if g++ supports -c -o file.o
configure:15813: g++ -c -g -O2 -I/usr/local/opt/openssl/include -I/usr/local/opt/libiconv/include -I/usr/local/opt/libpcap/include -o out/conftest2.o conftest.cpp >&5
configure:15817: $? = 0
configure:15839: result: yes
configure:15844: checking if g++ supports -c -o file.o
configure:15891: result: yes
configure:15921: checking whether the g++ linker (/usr/bin/ld -m elf_x86_64) supports shared libraries
configure:15964: result: yes
configure:16105: checking dynamic linker characteristics
configure:16862: result: GNU/Linux ld.so
configure:16927: checking how to hardcode library paths into programs
configure:16952: result: immediate
configure:16994: checking whether ln -s works
configure:16998: result: yes
configure:17005: checking for egrep
configure:17067: result: /bin/grep -E
configure:17074: checking CFLAGS for gcc -fdiagnostics-show-option
configure:17101: gcc -c -g -O2  -pedantic -Werror  -fdiagnostics-show-option -I/usr/local/opt/openssl/include -I/usr/local/opt/libiconv/include -I/usr/local/opt/libpcap/include conftest.c >&5
configure:17101: $? = 0
configure:17115: result: -fdiagnostics-show-option
configure:17128: : MORE_CFLAGS="$MORE_CFLAGS ${ac_res}"
configure:17131: $? = 0
configure:17138: checking CFLAGS for gcc -pipe
configure:17165: gcc -c -g -O2  -fdiagnostics-show-option -pedantic -Werror  -pipe -I/usr/local/opt/openssl/include -I/usr/local/opt/libiconv/include -I/usr/local/opt/libpcap/include conftest.c >&5
configure:17165: $? = 0
configure:17179: result: -pipe
configure:17192: : MORE_CFLAGS="$MORE_CFLAGS ${ac_res}"
configure:17195: $? = 0
configure:17202: checking CFLAGS for gcc -Wall
configure:17229: gcc -c -g -O2  -fdiagnostics-show-option -pipe -pedantic -Werror  -Wall -I/usr/local/opt/openssl/include -I/usr/local/opt/libiconv/include -I/usr/local/opt/libpcap/include conftest.c >&5
configure:17229: $? = 0
configure:17243: result: -Wall
configure:17256: : MORE_CFLAGS="$MORE_CFLAGS ${ac_res}"
configure:17259: $? = 0
configure:17266: checking CFLAGS for gcc -W
configure:17293: gcc -c -g -O2  -fdiagnostics-show-option -pipe -Wall -pedantic -Werror  -W -I/usr/local/opt/openssl/include -I/usr/local/opt/libiconv/include -I/usr/local/opt/libpcap/include conftest.c >&5
configure:17293: $? = 0
configure:17307: result: -W
configure:17320: : MORE_CFLAGS="$MORE_CFLAGS ${ac_res}"
configure:17323: $? = 0
configure:17330: checking CFLAGS for gcc -Wextra
configure:17357: gcc -c -g -O2  -fdiagnostics-show-option -pipe -Wall -W -pedantic -Werror  -Wextra -I/usr/local/opt/openssl/include -I/usr/local/opt/libiconv/include -I/usr/local/opt/libpcap/include conftest.c >&5
configure:17357: $? = 0
configure:17371: result: -Wextra
configure:17384: : MORE_CFLAGS="$MORE_CFLAGS ${ac_res}"
configure:17387: $? = 0
configure:17394: checking CFLAGS for gcc -Wformat
configure:17421: gcc -c -g -O2  -fdiagnostics-show-option -pipe -Wall -W -Wextra -pedantic -Werror  -Wformat -I/usr/local/opt/openssl/include -I/usr/local/opt/libiconv/include -I/usr/local/opt/libpcap/include conftest.c >&5
configure:17421: $? = 0
configure:17435: result: -Wformat
configure:17448: : MORE_CFLAGS="$MORE_CFLAGS ${ac_res}"
configure:17451: $? = 0
configure:17458: checking CFLAGS for gcc -Wformat-security
configure:17485: gcc -c -g -O2  -fdiagnostics-show-option -pipe -Wall -W -Wextra -Wformat -pedantic -Werror  -Wformat-security -I/usr/local/opt/openssl/include -I/usr/local/opt/libiconv/include -I/usr/local/opt/libpcap/include conftest.c >&5
configure:17485: $? = 0
configure:17499: result: -Wformat-security
configure:17512: : MORE_CFLAGS="$MORE_CFLAGS ${ac_res}"
configure:17515: $? = 0
configure:17522: checking CFLAGS for gcc -Wfatal-errors
configure:17549: gcc -c -g -O2  -fdiagnostics-show-option -pipe -Wall -W -Wextra -Wformat -Wformat-security -pedantic -Werror  -Wfatal-errors -I/usr/local/opt/openssl/include -I/usr/local/opt/libiconv/include -I/usr/local/opt/libpcap/include conftest.c >&5
configure:17549: $? = 0
configure:17563: result: -Wfatal-errors
configure:17576: : MORE_CFLAGS="$MORE_CFLAGS ${ac_res}"
configure:17579: $? = 0
configure:17586: checking CFLAGS for gcc -Wcast-align
configure:17613: gcc -c -g -O2  -fdiagnostics-show-option -pipe -Wall -W -Wextra -Wformat -Wformat-security -Wfatal-errors -pedantic -Werror  -Wcast-align -I/usr/local/opt/openssl/include -I/usr/local/opt/libiconv/include -I/usr/local/opt/libpcap/include conftest.c >&5
configure:17613: $? = 0
configure:17627: result: -Wcast-align
configure:17640: : MORE_CFLAGS="$MORE_CFLAGS ${ac_res}"
configure:17643: $? = 0
configure:17650: checking CFLAGS for gcc -Winline
configure:17677: gcc -c -g -O2  -fdiagnostics-show-option -pipe -Wall -W -Wextra -Wformat -Wformat-security -Wfatal-errors -Wcast-align -pedantic -Werror  -Winline -I/usr/local/opt/openssl/include -I/usr/local/opt/libiconv/include -I/usr/local/opt/libpcap/include conftest.c >&5
configure:17677: $? = 0
configure:17691: result: -Winline
configure:17704: : MORE_CFLAGS="$MORE_CFLAGS ${ac_res}"
configure:17707: $? = 0
configure:17714: checking CFLAGS for gcc -fstack-protector
configure:17741: gcc -c -g -O2  -fdiagnostics-show-option -pipe -Wall -W -Wextra -Wformat -Wformat-security -Wfatal-errors -Wcast-align -Winline -pedantic -Werror  -fstack-protector -I/usr/local/opt/openssl/include -I/usr/local/opt/libiconv/include -I/usr/local/opt/libpcap/include conftest.c >&5
configure:17741: $? = 0
configure:17755: result: -fstack-protector
configure:17768: : MORE_CFLAGS="$MORE_CFLAGS ${ac_res}"
configure:17771: $? = 0
configure:17778: checking CFLAGS for gcc -D_FORTIFY_SOURCE=2
configure:17805: gcc -c -g -O2  -pedantic -Werror  -D_FORTIFY_SOURCE=2 -I/usr/local/opt/openssl/include -I/usr/local/opt/libiconv/include -I/usr/local/opt/libpcap/include conftest.c >&5
configure:17805: $? = 0
configure:17819: result: -D_FORTIFY_SOURCE=2
configure:17832: : MORE_CPPFLAGS="$MORE_CPPFLAGS ${ac_res}"
configure:17835: $? = 0
configure:17842: checking CFLAGS for gcc -Wno-unused-parameter
configure:17869: gcc -c -g -O2  -fdiagnostics-show-option -pipe -Wall -W -Wextra -Wformat -Wformat-security -Wfatal-errors -Wcast-align -Winline -fstack-protector -pedantic -Werror  -Wno-unused-parameter -I/usr/local/opt/openssl/include -I/usr/local/opt/libiconv/include -I/usr/local/opt/libpcap/include conftest.c >&5
configure:17869: $? = 0
configure:17883: result: -Wno-unused-parameter
configure:17896: : MORE_CFLAGS="$MORE_CFLAGS ${ac_res}"
configure:17899: $? = 0
configure:17906: checking CFLAGS for gcc -Wno-missing-field-initializers
configure:17933: gcc -c -g -O2  -fdiagnostics-show-option -pipe -Wall -W -Wextra -Wformat -Wformat-security -Wfatal-errors -Wcast-align -Winline -fstack-protector -Wno-unused-parameter -pedantic -Werror  -Wno-missing-field-initializers -I/usr/local/opt/openssl/include -I/usr/local/opt/libiconv/include -I/usr/local/opt/libpcap/include conftest.c >&5
configure:17933: $? = 0
configure:17947: result: -Wno-missing-field-initializers
configure:17960: : MORE_CFLAGS="$MORE_CFLAGS ${ac_res}"
configure:17963: $? = 0
configure:17976: checking whether the linker accepts the -Wl,-z,relro flag
configure:18006: gcc -o conftest -g -O2 -I/usr/local/opt/openssl/include -I/usr/local/opt/libiconv/include -I/usr/local/opt/libpcap/include -L/usr/local/opt/openssl/lib -L/usr/local/opt/libiconv/lib -L/usr/local/opt/libpcap/lib  -Wl,-z,relro conftest.c  >&5
configure:18006: $? = 0
configure:18030: result: yes
configure:18045: checking whether the linker accepts the -Wl,-z,now flag
configure:18075: gcc -o conftest -g -O2 -I/usr/local/opt/openssl/include -I/usr/local/opt/libiconv/include -I/usr/local/opt/libpcap/include -L/usr/local/opt/openssl/lib -L/usr/local/opt/libiconv/lib -L/usr/local/opt/libpcap/lib  -Wl,-z,relro -Wl,-z,now conftest.c  >&5
configure:18075: $? = 0
configure:18099: result: yes
configure:18114: checking whether the linker accepts the -Wl,--push-state,--no-as-needed -lSegFault -Wl,--pop-state flag
configure:18144: gcc -o conftest -g -O2 -I/usr/local/opt/openssl/include -I/usr/local/opt/libiconv/include -I/usr/local/opt/libpcap/include -L/usr/local/opt/openssl/lib -L/usr/local/opt/libiconv/lib -L/usr/local/opt/libpcap/lib  -Wl,-z,relro -Wl,-z,now -Wl,--push-state,--no-as-needed -lSegFault -Wl,--pop-state conftest.c  >&5
configure:18144: $? = 0
configure:18168: result: yes
configure:18178: checking CFLAGS for gcc -D_GNU_SOURCE
configure:18205: gcc -c -g -O2  -D_FORTIFY_SOURCE=2 -pedantic -Werror  -D_GNU_SOURCE -I/usr/local/opt/openssl/include -I/usr/local/opt/libiconv/include -I/usr/local/opt/libpcap/include conftest.c >&5
configure:18205: $? = 0
configure:18219: result: -D_GNU_SOURCE
configure:18232: : MORE_CPPFLAGS="$MORE_CPPFLAGS ${ac_res}"
configure:18235: $? = 0
configure:18786: checking that generated files are newer than configure
configure:18792: result: done
configure:18827: creating ./config.status

## ---------------------- ##
## Running config.status. ##
## ---------------------- ##

This file was extended by cramershoup config.status 6b48946-dirty, which was
generated by GNU Autoconf 2.69.  Invocation command line was

  CONFIG_FILES    = 
  CONFIG_HEADERS  = 
  CONFIG_LINKS    = 
  CONFIG_COMMANDS = 
  $ ./config.status 

on fan-desktop

config.status:1155: creating Makefile
config.status:1155: creating src/Makefile
config.status:1155: creating config.h
config.status:1336: config.h is unchanged
config.status:1384: executing depfiles commands
config.status:1384: executing libtool commands

## ---------------- ##
## Cache variables. ##
## ---------------- ##

ac_cv_build=x86_64-pc-linux-gnu
ac_cv_c_compiler_gnu=yes
ac_cv_cflags_gcc_option__D_FORTIFY_SOURCE_2=-D_FORTIFY_SOURCE=2
ac_cv_cflags_gcc_option__D_GNU_SOURCE=-D_GNU_SOURCE
ac_cv_cflags_gcc_option__W=-W
ac_cv_cflags_gcc_option__Wall=-Wall
ac_cv_cflags_gcc_option__Wcast_align=-Wcast-align
ac_cv_cflags_gcc_option__Wextra=-Wextra
ac_cv_cflags_gcc_option__Wfatal_errors=-Wfatal-errors
ac_cv_cflags_gcc_option__Wformat=-Wformat
ac_cv_cflags_gcc_option__Wformat_security=-Wformat-security
ac_cv_cflags_gcc_option__Winline=-Winline
ac_cv_cflags_gcc_option__Wno_missing_field_initializers=-Wno-missing-field-initializers
ac_cv_cflags_gcc_option__Wno_unused_parameter=-Wno-unused-parameter
ac_cv_cflags_gcc_option__fdiagnostics_show_option=-fdiagnostics-show-option
ac_cv_cflags_gcc_option__fstack_protector=-fstack-protector
ac_cv_cflags_gcc_option__pipe=-pipe
ac_cv_cxx_compiler_gnu=yes
ac_cv_env_CCC_set=
ac_cv_env_CCC_value=
ac_cv_env_CC_set=
ac_cv_env_CC_value=
ac_cv_env_CFLAGS_set=
ac_cv_env_CFLAGS_value=
ac_cv_env_CPPFLAGS_set=set
ac_cv_env_CPPFLAGS_value='-I/usr/local/opt/openssl/include -I/usr/local/opt/libiconv/include -I/usr/local/opt/libpcap/include'
ac_cv_env_CPP_set=
ac_cv_env_CPP_value=
ac_cv_env_CXXCPP_set=
ac_cv_env_CXXCPP_value=
ac_cv_env_CXXFLAGS_set=
ac_cv_env_CXXFLAGS_value=
ac_cv_env_CXX_set=
ac_cv_env_CXX_value=
ac_cv_env_LDFLAGS_set=set
ac_cv_env_LDFLAGS_value='-L/usr/local/opt/openssl/lib -L/usr/local/opt/libiconv/lib -L/usr/local/opt/libpcap/lib'
ac_cv_env_LIBS_set=
ac_cv_env_LIBS_value=
ac_cv_env_LT_SYS_LIBRARY_PATH_set=
ac_cv_env_LT_SYS_LIBRARY_PATH_value=
ac_cv_env_build_alias_set=
ac_cv_env_build_alias_value=
ac_cv_env_host_alias_set=
ac_cv_env_host_alias_value=
ac_cv_env_target_alias_set=
ac_cv_env_target_alias_value=
ac_cv_header_dlfcn_h=yes
ac_cv_header_inttypes_h=yes
ac_cv_header_memory_h=yes
ac_cv_header_stdc=yes
ac_cv_header_stdint_h=yes
ac_cv_header_stdlib_h=yes
ac_cv_header_string_h=yes
ac_cv_header_strings_h=yes
ac_cv_header_sys_stat_h=yes
ac_cv_header_sys_types_h=yes
ac_cv_header_unistd_h=yes
ac_cv_host=x86_64-pc-linux-gnu
ac_cv_objext=o
ac_cv_path_EGREP='/bin/grep -E'
ac_cv_path_FGREP='/bin/grep -F'
ac_cv_path_GREP=/bin/grep
ac_cv_path_SED=/bin/sed
ac_cv_path_install='/usr/bin/install -c'
ac_cv_path_lt_DD=/bin/dd
ac_cv_path_mkdir=/bin/mkdir
ac_cv_prog_AWK=gawk
ac_cv_prog_CPP='gcc -E'
ac_cv_prog_CXXCPP='g++ -E'
ac_cv_prog_ac_ct_AR=ar
ac_cv_prog_ac_ct_CC=gcc
ac_cv_prog_ac_ct_CXX=g++
ac_cv_prog_ac_ct_MANIFEST_TOOL=mt
ac_cv_prog_ac_ct_OBJDUMP=objdump
ac_cv_prog_ac_ct_RANLIB=ranlib
ac_cv_prog_ac_ct_STRIP=strip
ac_cv_prog_cc_c89=
ac_cv_prog_cc_c99=
ac_cv_prog_cc_g=yes
ac_cv_prog_cxx_g=yes
ac_cv_prog_make_make_set=yes
am_cv_CC_dependencies_compiler_type=gcc3
am_cv_CXX_dependencies_compiler_type=gcc3
am_cv_ar_interface=ar
am_cv_make_support_nested_variables=yes
am_cv_prog_cc_c_o=yes
am_cv_prog_tar_ustar=gnutar
ax_cv_ld_check_flag__Wl___push_state___no_as_needed__lSegFault__Wl___pop_state=yes
ax_cv_ld_check_flag__Wl__z_now=yes
ax_cv_ld_check_flag__Wl__z_relro=yes
lt_cv_ar_at_file=@
lt_cv_archive_cmds_need_lc=no
lt_cv_deplibs_check_method=pass_all
lt_cv_file_magic_cmd='$MAGIC_CMD'
lt_cv_file_magic_test_file=
lt_cv_ld_reload_flag=-r
lt_cv_nm_interface='BSD nm'
lt_cv_objdir=.libs
lt_cv_path_LD=/usr/bin/ld
lt_cv_path_LDCXX='/usr/bin/ld -m elf_x86_64'
lt_cv_path_NM='/usr/bin/nm -B'
lt_cv_path_mainfest_tool=no
lt_cv_prog_compiler_c_o=yes
lt_cv_prog_compiler_c_o_CXX=yes
lt_cv_prog_compiler_pic='-fPIC -DPIC'
lt_cv_prog_compiler_pic_CXX='-fPIC -DPIC'
lt_cv_prog_compiler_pic_works=yes
lt_cv_prog_compiler_pic_works_CXX=yes
lt_cv_prog_compiler_rtti_exceptions=no
lt_cv_prog_compiler_static_works=yes
lt_cv_prog_compiler_static_works_CXX=yes
lt_cv_prog_gnu_ld=yes
lt_cv_prog_gnu_ldcxx=yes
lt_cv_sharedlib_from_linklib_cmd='printf %s\n'
lt_cv_shlibpath_overrides_runpath=no
lt_cv_sys_global_symbol_pipe='sed -n -e '\''s/^.*[	 ]\([ABCDGIRSTW][ABCDGIRSTW]*\)[	 ][	 ]*\([_A-Za-z][_A-Za-z0-9]*\)$/\1 \2 \2/p'\'' | sed '\''/ __gnu_lto/d'\'''
lt_cv_sys_global_symbol_to_c_name_address='sed -n -e '\''s/^: \(.*\) .*$/  {"\1", (void *) 0},/p'\'' -e '\''s/^[ABCDGIRSTW][ABCDGIRSTW]* .* \(.*\)$/  {"\1", (void *) \&\1},/p'\'''
lt_cv_sys_global_symbol_to_c_name_address_lib_prefix='sed -n -e '\''s/^: \(.*\) .*$/  {"\1", (void *) 0},/p'\'' -e '\''s/^[ABCDGIRSTW][ABCDGIRSTW]* .* \(lib.*\)$/  {"\1", (void *) \&\1},/p'\'' -e '\''s/^[ABCDGIRSTW][ABCDGIRSTW]* .* \(.*\)$/  {"lib\1", (void *) \&\1},/p'\'''
lt_cv_sys_global_symbol_to_cdecl='sed -n -e '\''s/^T .* \(.*\)$/extern int \1();/p'\'' -e '\''s/^[ABCDGIRSTW][ABCDGIRSTW]* .* \(.*\)$/extern char \1;/p'\'''
lt_cv_sys_global_symbol_to_import=
lt_cv_sys_max_cmd_len=1572864
lt_cv_to_host_file_cmd=func_convert_file_noop
lt_cv_to_tool_file_cmd=func_convert_file_noop
lt_cv_truncate_bin='/bin/dd bs=4096 count=1'

## ----------------- ##
## Output variables. ##
## ----------------- ##

ACLOCAL='${SHELL} /home/fan/dev/strike/cramershoup/missing aclocal-1.15'
AMDEPBACKSLASH='\'
AMDEP_FALSE='#'
AMDEP_TRUE=''
AMTAR='$${TAR-tar}'
AM_BACKSLASH='\'
AM_DEFAULT_V='$(AM_DEFAULT_VERBOSITY)'
AM_DEFAULT_VERBOSITY='0'
AM_V='$(V)'
AR='ar'
AUTOCONF='${SHELL} /home/fan/dev/strike/cramershoup/missing autoconf'
AUTOHEADER='${SHELL} /home/fan/dev/strike/cramershoup/missing autoheader'
AUTOMAKE='${SHELL} /home/fan/dev/strike/cramershoup/missing automake-1.15'
AWK='gawk'
CC='gcc'
CCDEPMODE='depmode=gcc3'
CFLAGS='-g -O2'
CPP='gcc -E'
CPPFLAGS='-I/usr/local/opt/openssl/include -I/usr/local/opt/libiconv/include -I/usr/local/opt/libpcap/include'
CXX='g++'
CXXCPP='g++ -E'
CXXDEPMODE='depmode=gcc3'
CXXFLAGS='-g -O2'
CYGPATH_W='echo'
DEFS='-DHAVE_CONFIG_H'
DEPDIR='.deps'
DLLTOOL='false'
DSYMUTIL=''
DUMPBIN=''
ECHO_C=''
ECHO_N='-n'
ECHO_T=''
EGREP='/bin/grep -E'
EXEEXT=''
FGREP='/bin/grep -F'
GREP='/bin/grep'
INSTALL_DATA='${INSTALL} -m 644'
INSTALL_PROGRAM='${INSTALL}'
INSTALL_SCRIPT='${INSTALL}'
INSTALL_STRIP_PROGRAM='$(install_sh) -c -s'
LD='/usr/bin/ld -m elf_x86_64'
LDFLAGS='-L/usr/local/opt/openssl/lib -L/usr/local/opt/libiconv/lib -L/usr/local/opt/libpcap/lib'
LIBOBJS=''
LIBS=''
LIBTOOL='$(SHELL) $(top_builddir)/libtool'
LIPO=''
LN_S='ln -s'
LTLIBOBJS=''
LT_SYS_LIBRARY_PATH=''
MAINT='#'
MAINTAINER_MODE_FALSE=''
MAINTAINER_MODE_TRUE='#'
MAKEINFO='${SHELL} /home/fan/dev/strike/cramershoup/missing makeinfo'
MANIFEST_TOOL=':'
MKDIR_P='/bin/mkdir -p'
MORE_CFLAGS=' -fdiagnostics-show-option -pipe -Wall -W -Wextra -Wformat -Wformat-security -Wfatal-errors -Wcast-align -Winline -fstack-protector -Wno-unused-parameter -Wno-missing-field-initializers'
MORE_CPPFLAGS=' -D_FORTIFY_SOURCE=2 -D_GNU_SOURCE'
MORE_LDFLAGS=' -Wl,-z,relro -Wl,-z,now -Wl,--push-state,--no-as-needed -lSegFault -Wl,--pop-state'
NM='/usr/bin/nm -B'
NMEDIT=''
OBJDUMP='objdump'
OBJEXT='o'
OTOOL64=''
OTOOL=''
PACKAGE='cramershoup'
PACKAGE_BUGREPORT='fan.torchz@gmail.com'
PACKAGE_NAME='cramershoup'
PACKAGE_STRING='cramershoup 6b48946-dirty'
PACKAGE_TARNAME='cramershoup'
PACKAGE_URL=''
PACKAGE_VERSION='6b48946-dirty'
PATH_SEPARATOR=':'
RANLIB='ranlib'
SED='/bin/sed'
SET_MAKE=''
SHELL='/bin/bash'
STRIP='strip'
VERSION='6b48946-dirty'
ac_ct_AR='ar'
ac_ct_CC='gcc'
ac_ct_CXX='g++'
ac_ct_DUMPBIN=''
am__EXEEXT_FALSE=''
am__EXEEXT_TRUE='#'
am__fastdepCC_FALSE='#'
am__fastdepCC_TRUE=''
am__fastdepCXX_FALSE='#'
am__fastdepCXX_TRUE=''
am__include='include'
am__isrc=''
am__leading_dot='.'
am__nodep='_no'
am__quote=''
am__tar='tar --format=ustar -chf - "$$tardir"'
am__untar='tar -xf -'
bindir='${exec_prefix}/bin'
build='x86_64-pc-linux-gnu'
build_alias=''
build_cpu='x86_64'
build_os='linux-gnu'
build_vendor='pc'
datadir='${datarootdir}'
datarootdir='${prefix}/share'
docdir='${datarootdir}/doc/${PACKAGE_TARNAME}'
dvidir='${docdir}'
exec_prefix='${prefix}'
host='x86_64-pc-linux-gnu'
host_alias=''
host_cpu='x86_64'
host_os='linux-gnu'
host_vendor='pc'
htmldir='${docdir}'
includedir='${prefix}/include'
infodir='${datarootdir}/info'
install_sh='${SHELL} /home/fan/dev/strike/cramershoup/install-sh'
libdir='${exec_prefix}/lib'
libexecdir='${exec_prefix}/libexec'
localedir='${datarootdir}/locale'
localstatedir='${prefix}/var'
mandir='${datarootdir}/man'
mkdir_p='$(MKDIR_P)'
oldincludedir='/usr/include'
pdfdir='${docdir}'
prefix='/usr/local'
program_transform_name='s,x,x,'
psdir='${docdir}'
runstatedir='${localstatedir}/run'
sbindir='${exec_prefix}/sbin'
sharedstatedir='${prefix}/com'
sysconfdir='${prefix}/etc'
target_alias=''

## ----------- ##
## confdefs.h. ##
## ----------- ##

/* confdefs.h */
#define PACKAGE_NAME "cramershoup"
#define PACKAGE_TARNAME "cramershoup"
#define PACKAGE_VERSION "6b48946-dirty"
#define PACKAGE_STRING "cramershoup 6b48946-dirty"
#define PACKAGE_BUGREPORT "fan.torchz@gmail.com"
#define PACKAGE_URL ""
#define PACKAGE "cramershoup"
#define VERSION "6b48946-dirty"
#define STDC_HEADERS 1
#define HAVE_SYS_TYPES_H 1
#define HAVE_SYS_STAT_H 1
#define HAVE_STDLIB_H 1
#define HAVE_STRING_H 1
#define HAVE_MEMORY_H 1
#define HAVE_STRINGS_H 1
#define HAVE_INTTYPES_H 1
#define HAVE_STDINT_H 1
#define HAVE_UNISTD_H 1
#define HAVE_DLFCN_H 1
#define LT_OBJDIR ".libs/"

configure: exit 0
